app/build/intermediates/manifest_merge_blame_file/debug/manifest-merger-blame-debug-report.txt
1<?xml version="1.0" encoding="utf-8"?>
2<manifest xmlns:android="http://schemas.android.com/apk/res/android"
3    package="TenaSensor.Android"
4    android:versionCode="1"
5    android:versionName="1.0" >
6
7    <uses-sdk
8        android:minSdkVersion="21"
8-->src\main\AndroidManifest.xml
9        android:targetSdkVersion="32" />
9-->src\main\AndroidManifest.xml
10
11    <uses-permission android:name="android.permission.ACCESS_FINE_LOCATION" />
11-->src\main\AndroidManifest.xml:6:5-79
11-->src\main\AndroidManifest.xml:6:22-76
12    <uses-permission android:name="android.permission.ACCESS_COARSE_LOCATION" />
12-->src\main\AndroidManifest.xml:7:5-81
12-->src\main\AndroidManifest.xml:7:22-78
13    <uses-permission android:name="android.permission.BLUETOOTH" />
13-->src\main\AndroidManifest.xml:8:5-68
13-->src\main\AndroidManifest.xml:8:22-65
14    <uses-permission android:name="android.permission.BLUETOOTH_ADMIN" />
14-->src\main\AndroidManifest.xml:9:5-74
14-->src\main\AndroidManifest.xml:9:22-71
15    <uses-permission android:name="android.permission.BLUETOOTH_CONNECT" />
15-->src\main\AndroidManifest.xml:10:5-76
15-->src\main\AndroidManifest.xml:10:22-73
16    <uses-permission android:name="android.permission.BLUETOOTH_SCAN" />
16-->src\main\AndroidManifest.xml:11:5-73
16-->src\main\AndroidManifest.xml:11:22-70
17    <uses-permission android:name="android.permission.INTERNET" />
17-->src\main\AndroidManifest.xml:12:5-67
17-->src\main\AndroidManifest.xml:12:22-64
18    <uses-permission android:name="android.permission.ACCESS_NETWORK_STATE" />
18-->src\main\AndroidManifest.xml:13:5-79
18-->src\main\AndroidManifest.xml:13:22-76
19    <uses-permission android:name="android.permission.READ_EXTERNAL_STORAGE" />
19-->src\main\AndroidManifest.xml:14:5-80
19-->src\main\AndroidManifest.xml:14:22-77
20    <uses-permission android:name="android.permission.WRITE_EXTERNAL_STORAGE" />
20-->src\main\AndroidManifest.xml:15:5-81
20-->src\main\AndroidManifest.xml:15:22-78
21
22    <uses-feature
22-->src\main\AndroidManifest.xml:17:5-19:35
23        android:name="android.hardware.bluetooth_le"
23-->src\main\AndroidManifest.xml:18:9-53
24        android:required="true" />
24-->src\main\AndroidManifest.xml:19:9-32
25
26    <!-- <feature android:name="android.hardware.bluetooth_le" android:required="true" /> -->
27
28    <permission
28-->src\main\AndroidManifest.xml:23:5-25:37
29        android:name="android.permission.BLUETOOTH"
29-->src\main\AndroidManifest.xml:24:9-52
30        android:label="BLUETOOTH" />
30-->src\main\AndroidManifest.xml:25:9-34
31    <permission android:name="android.permission.BLUETOOTH_ADMIN" />
31-->src\main\AndroidManifest.xml:26:5-69
31-->src\main\AndroidManifest.xml:26:17-66
32    <permission android:name="android.permission.ACCESS_FINE_LOCATION" />
32-->src\main\AndroidManifest.xml:27:5-74
32-->src\main\AndroidManifest.xml:27:17-71
33    <permission android:name="android.permission.ACCESS_COARSE_LOCATION" />
33-->src\main\AndroidManifest.xml:28:5-76
33-->src\main\AndroidManifest.xml:28:17-73
34
35    <supports-screens
35-->src\main\AndroidManifest.xml:30:5-33:39
36        android:largeScreens="true"
36-->src\main\AndroidManifest.xml:31:9-36
37        android:normalScreens="true"
37-->src\main\AndroidManifest.xml:32:9-37
38        android:smallScreens="true" />
38-->src\main\AndroidManifest.xml:33:9-36
39
40    <uses-permission android:name="android.permission.READ_PHONE_STATE" />
40-->src\main\AndroidManifest.xml:35:5-75
40-->src\main\AndroidManifest.xml:35:22-72
41
42    <application
42-->src\main\AndroidManifest.xml:37:5-101:19
43        android:allowBackup="true"
43-->src\main\AndroidManifest.xml:38:9-35
44        android:appComponentFactory="androidx.core.app.CoreComponentFactory"
44-->[androidx.core:core:1.7.0] AndroidManifest.xml:24:18-86
45        android:debuggable="true"
46        android:hardwareAccelerated="false"
46-->src\main\AndroidManifest.xml:39:9-44
47        android:icon="@drawable/sensor"
47-->src\main\AndroidManifest.xml:40:9-40
48        android:label="@string/app_name"
48-->src\main\AndroidManifest.xml:41:9-41
49        android:largeHeap="true"
49-->src\main\AndroidManifest.xml:42:9-33
50        android:testOnly="true"
51        android:theme="@style/AppTheme" >
51-->src\main\AndroidManifest.xml:43:9-40
52        <activity
52-->src\main\AndroidManifest.xml:45:9-54:20
53            android:name="TenaSensor.Android.WelcomeActivity"
53-->src\main\AndroidManifest.xml:46:13-44
54            android:configChanges="keyboardHidden|orientation|screenSize"
54-->src\main\AndroidManifest.xml:47:13-74
55            android:exported="true" >
55-->src\main\AndroidManifest.xml:48:13-36
56            <intent-filter>
56-->src\main\AndroidManifest.xml:49:13-53:29
57                <action android:name="android.intent.action.MAIN" />
57-->src\main\AndroidManifest.xml:50:17-69
57-->src\main\AndroidManifest.xml:50:25-66
58
59                <category android:name="android.intent.category.LAUNCHER" />
59-->src\main\AndroidManifest.xml:52:17-77
59-->src\main\AndroidManifest.xml:52:27-74
60            </intent-filter>
61        </activity>
62        <activity
62-->src\main\AndroidManifest.xml:55:9-57:76
63            android:name="TenaSensor.Android.LoginActivity"
63-->src\main\AndroidManifest.xml:56:13-42
64            android:configChanges="keyboardHidden|orientation|screenSize" />
64-->src\main\AndroidManifest.xml:57:13-74
65        <activity
65-->src\main\AndroidManifest.xml:58:9-60:76
66            android:name="TenaSensor.Android.GoogleLogin"
66-->src\main\AndroidManifest.xml:59:13-40
67            android:configChanges="keyboardHidden|orientation|screenSize" />
67-->src\main\AndroidManifest.xml:60:13-74
68        <activity
68-->src\main\AndroidManifest.xml:61:9-63:76
69            android:name="TenaSensor.Android.LinkedInLogin"
69-->src\main\AndroidManifest.xml:62:13-42
70            android:configChanges="keyboardHidden|orientation|screenSize" />
70-->src\main\AndroidManifest.xml:63:13-74
71        <activity
71-->src\main\AndroidManifest.xml:64:9-67:47
72            android:name="TenaSensor.Android.MainActivity"
72-->src\main\AndroidManifest.xml:65:13-41
73            android:configChanges="keyboardHidden|orientation|screenSize"
73-->src\main\AndroidManifest.xml:66:13-74
74            android:label="@string/app_name" />
74-->src\main\AndroidManifest.xml:67:13-45
75        <activity
75-->src\main\AndroidManifest.xml:68:9-71:58
76            android:name="TenaSensor.Android.BluetoothSelection"
76-->src\main\AndroidManifest.xml:69:13-47
77            android:configChanges="keyboardHidden|orientation|screenSize"
77-->src\main\AndroidManifest.xml:70:13-74
78            android:label="Bluetooth Device Selection" />
78-->src\main\AndroidManifest.xml:71:13-55
79        <activity
79-->src\main\AndroidManifest.xml:72:9-75:50
80            android:name="TenaSensor.Android.SensorCalibration"
80-->src\main\AndroidManifest.xml:73:13-46
81            android:configChanges="keyboardHidden|orientation|screenSize"
81-->src\main\AndroidManifest.xml:74:13-74
82            android:label="Sensor Calibration" />
82-->src\main\AndroidManifest.xml:75:13-47
83        <activity
83-->src\main\AndroidManifest.xml:76:9-79:50
84            android:name="TenaSensor.Android.ExerciseSelection"
84-->src\main\AndroidManifest.xml:77:13-46
85            android:configChanges="keyboardHidden|orientation|screenSize"
85-->src\main\AndroidManifest.xml:78:13-74
86            android:label="Exercise Selection" />
86-->src\main\AndroidManifest.xml:79:13-47
87        <activity
87-->src\main\AndroidManifest.xml:80:9-83:53
88            android:name="TenaSensor.Android.ExerciseInstructions"
88-->src\main\AndroidManifest.xml:81:13-49
89            android:configChanges="keyboardHidden|orientation|screenSize"
89-->src\main\AndroidManifest.xml:82:13-74
90            android:label="Exercise Instructions" />
90-->src\main\AndroidManifest.xml:83:13-50
91        <activity
91-->src\main\AndroidManifest.xml:84:9-87:53
92            android:name="TenaSensor.Android.ExercisePerform"
92-->src\main\AndroidManifest.xml:85:13-44
93            android:configChanges="keyboardHidden|orientation|screenSize"
93-->src\main\AndroidManifest.xml:86:13-74
94            android:label="Recording of Exercise" />
94-->src\main\AndroidManifest.xml:87:13-50
95
96        <service
96-->src\main\AndroidManifest.xml:88:9-90:38
97            android:name="com.amazonaws.mobileconnectors.s3.transferutility.TransferService"
97-->src\main\AndroidManifest.xml:89:13-93
98            android:enabled="true" />
98-->src\main\AndroidManifest.xml:90:13-35
99        <service
99-->src\main\AndroidManifest.xml:91:9-93:38
100            android:name="TenaSensor.Android.BluetoothService"
100-->src\main\AndroidManifest.xml:92:13-63
101            android:enabled="true" />
101-->src\main\AndroidManifest.xml:93:13-35
102
103        <activity
103-->src\main\AndroidManifest.xml:95:9-98:54
104            android:name="TenaSensor.Android.RegisterActivity"
104-->src\main\AndroidManifest.xml:96:13-45
105            android:configChanges="keyboardHidden|orientation|screenSize"
105-->src\main\AndroidManifest.xml:97:13-74
106            android:label="@string/register_title" />
106-->src\main\AndroidManifest.xml:98:13-51
107        <activity
107-->[com.google.firebase:firebase-auth:21.0.3] AndroidManifest.xml:27:9-44:20
108            android:name="com.google.firebase.auth.internal.GenericIdpActivity"
108-->[com.google.firebase:firebase-auth:21.0.3] AndroidManifest.xml:28:13-80
109            android:excludeFromRecents="true"
109-->[com.google.firebase:firebase-auth:21.0.3] AndroidManifest.xml:29:13-46
110            android:exported="true"
110-->[com.google.firebase:firebase-auth:21.0.3] AndroidManifest.xml:30:13-36
111            android:launchMode="singleTask"
111-->[com.google.firebase:firebase-auth:21.0.3] AndroidManifest.xml:31:13-44
112            android:theme="@android:style/Theme.Translucent.NoTitleBar" >
112-->[com.google.firebase:firebase-auth:21.0.3] AndroidManifest.xml:32:13-72
113            <intent-filter>
113-->[com.google.firebase:firebase-auth:21.0.3] AndroidManifest.xml:33:13-43:29
114                <action android:name="android.intent.action.VIEW" />
114-->[com.google.firebase:firebase-auth:21.0.3] AndroidManifest.xml:34:17-69
114-->[com.google.firebase:firebase-auth:21.0.3] AndroidManifest.xml:34:25-66
115
116                <category android:name="android.intent.category.DEFAULT" />
116-->[com.google.firebase:firebase-auth:21.0.3] AndroidManifest.xml:36:17-76
116-->[com.google.firebase:firebase-auth:21.0.3] AndroidManifest.xml:36:27-73
117                <category android:name="android.intent.category.BROWSABLE" />
117-->[com.google.firebase:firebase-auth:21.0.3] AndroidManifest.xml:37:17-78
117-->[com.google.firebase:firebase-auth:21.0.3] AndroidManifest.xml:37:27-75
118
119                <data
119-->[com.google.firebase:firebase-auth:21.0.3] AndroidManifest.xml:39:17-42:51
120                    android:host="firebase.auth"
120-->[com.google.firebase:firebase-auth:21.0.3] AndroidManifest.xml:40:21-49
121                    android:path="/"
121-->[com.google.firebase:firebase-auth:21.0.3] AndroidManifest.xml:41:21-37
122                    android:scheme="genericidp" />
122-->[com.google.firebase:firebase-auth:21.0.3] AndroidManifest.xml:42:21-48
123            </intent-filter>
124        </activity>
125        <activity
125-->[com.google.firebase:firebase-auth:21.0.3] AndroidManifest.xml:45:9-62:20
126            android:name="com.google.firebase.auth.internal.RecaptchaActivity"
126-->[com.google.firebase:firebase-auth:21.0.3] AndroidManifest.xml:46:13-79
127            android:excludeFromRecents="true"
127-->[com.google.firebase:firebase-auth:21.0.3] AndroidManifest.xml:47:13-46
128            android:exported="true"
128-->[com.google.firebase:firebase-auth:21.0.3] AndroidManifest.xml:48:13-36
129            android:launchMode="singleTask"
129-->[com.google.firebase:firebase-auth:21.0.3] AndroidManifest.xml:49:13-44
130            android:theme="@android:style/Theme.Translucent.NoTitleBar" >
130-->[com.google.firebase:firebase-auth:21.0.3] AndroidManifest.xml:50:13-72
131            <intent-filter>
131-->[com.google.firebase:firebase-auth:21.0.3] AndroidManifest.xml:51:13-61:29
132                <action android:name="android.intent.action.VIEW" />
132-->[com.google.firebase:firebase-auth:21.0.3] AndroidManifest.xml:34:17-69
132-->[com.google.firebase:firebase-auth:21.0.3] AndroidManifest.xml:34:25-66
133
134                <category android:name="android.intent.category.DEFAULT" />
134-->[com.google.firebase:firebase-auth:21.0.3] AndroidManifest.xml:36:17-76
134-->[com.google.firebase:firebase-auth:21.0.3] AndroidManifest.xml:36:27-73
135                <category android:name="android.intent.category.BROWSABLE" />
135-->[com.google.firebase:firebase-auth:21.0.3] AndroidManifest.xml:37:17-78
135-->[com.google.firebase:firebase-auth:21.0.3] AndroidManifest.xml:37:27-75
136
137                <data
137-->[com.google.firebase:firebase-auth:21.0.3] AndroidManifest.xml:39:17-42:51
138                    android:host="firebase.auth"
138-->[com.google.firebase:firebase-auth:21.0.3] AndroidManifest.xml:40:21-49
139                    android:path="/"
139-->[com.google.firebase:firebase-auth:21.0.3] AndroidManifest.xml:41:21-37
140                    android:scheme="recaptcha" />
140-->[com.google.firebase:firebase-auth:21.0.3] AndroidManifest.xml:42:21-48
141            </intent-filter>
142        </activity>
143
144        <service
144-->[com.google.firebase:firebase-auth:21.0.3] AndroidManifest.xml:64:9-70:19
145            android:name="com.google.firebase.components.ComponentDiscoveryService"
145-->[com.google.firebase:firebase-auth:21.0.3] AndroidManifest.xml:65:13-84
146            android:directBootAware="true"
146-->[com.google.firebase:firebase-common:20.1.0] AndroidManifest.xml:35:13-43
147            android:exported="false" >
147-->[com.google.firebase:firebase-auth:21.0.3] AndroidManifest.xml:66:13-37
148            <meta-data
148-->[com.google.firebase:firebase-auth:21.0.3] AndroidManifest.xml:67:13-69:85
149                android:name="com.google.firebase.components:com.google.firebase.auth.FirebaseAuthRegistrar"
149-->[com.google.firebase:firebase-auth:21.0.3] AndroidManifest.xml:68:17-109
150                android:value="com.google.firebase.components.ComponentRegistrar" />
150-->[com.google.firebase:firebase-auth:21.0.3] AndroidManifest.xml:69:17-82
151        </service>
152
153        <activity
153-->[com.google.android.gms:play-services-auth:20.1.0] AndroidManifest.xml:23:9-27:75
154            android:name="com.google.android.gms.auth.api.signin.internal.SignInHubActivity"
154-->[com.google.android.gms:play-services-auth:20.1.0] AndroidManifest.xml:24:13-93
155            android:excludeFromRecents="true"
155-->[com.google.android.gms:play-services-auth:20.1.0] AndroidManifest.xml:25:13-46
156            android:exported="false"
156-->[com.google.android.gms:play-services-auth:20.1.0] AndroidManifest.xml:26:13-37
157            android:theme="@android:style/Theme.Translucent.NoTitleBar" />
157-->[com.google.android.gms:play-services-auth:20.1.0] AndroidManifest.xml:27:13-72
158        <!--
159            Service handling Google Sign-In user revocation. For apps that do not integrate with
160            Google Sign-In, this service will never be started.
161        -->
162        <service
162-->[com.google.android.gms:play-services-auth:20.1.0] AndroidManifest.xml:33:9-37:51
163            android:name="com.google.android.gms.auth.api.signin.RevocationBoundService"
163-->[com.google.android.gms:play-services-auth:20.1.0] AndroidManifest.xml:34:13-89
164            android:exported="true"
164-->[com.google.android.gms:play-services-auth:20.1.0] AndroidManifest.xml:35:13-36
165            android:permission="com.google.android.gms.auth.api.signin.permission.REVOCATION_NOTIFICATION"
165-->[com.google.android.gms:play-services-auth:20.1.0] AndroidManifest.xml:36:13-107
166            android:visibleToInstantApps="true" />
166-->[com.google.android.gms:play-services-auth:20.1.0] AndroidManifest.xml:37:13-48
167
168        <provider
168-->[com.google.firebase:firebase-common:20.1.0] AndroidManifest.xml:26:9-31:39
169            android:name="com.google.firebase.provider.FirebaseInitProvider"
169-->[com.google.firebase:firebase-common:20.1.0] AndroidManifest.xml:27:13-77
170            android:authorities="TenaSensor.Android.firebaseinitprovider"
170-->[com.google.firebase:firebase-common:20.1.0] AndroidManifest.xml:28:13-72
171            android:directBootAware="true"
171-->[com.google.firebase:firebase-common:20.1.0] AndroidManifest.xml:29:13-43
172            android:exported="false"
172-->[com.google.firebase:firebase-common:20.1.0] AndroidManifest.xml:30:13-37
173            android:initOrder="100" />
173-->[com.google.firebase:firebase-common:20.1.0] AndroidManifest.xml:31:13-36
174
175        <activity
175-->[com.google.android.gms:play-services-base:18.0.1] AndroidManifest.xml:20:9-22:45
176            android:name="com.google.android.gms.common.api.GoogleApiActivity"
176-->[com.google.android.gms:play-services-base:18.0.1] AndroidManifest.xml:20:19-85
177            android:exported="false"
177-->[com.google.android.gms:play-services-base:18.0.1] AndroidManifest.xml:22:19-43
178            android:theme="@android:style/Theme.Translucent.NoTitleBar" />
178-->[com.google.android.gms:play-services-base:18.0.1] AndroidManifest.xml:21:19-78
179
180        <meta-data
180-->[com.google.android.gms:play-services-basement:18.0.0] AndroidManifest.xml:21:9-23:69
181            android:name="com.google.android.gms.version"
181-->[com.google.android.gms:play-services-basement:18.0.0] AndroidManifest.xml:22:13-58
182            android:value="@integer/google_play_services_version" />
182-->[com.google.android.gms:play-services-basement:18.0.0] AndroidManifest.xml:23:13-66
183
184        <provider
184-->[androidx.emoji2:emoji2:1.0.0] AndroidManifest.xml:26:9-34:20
185            android:name="androidx.startup.InitializationProvider"
185-->[androidx.emoji2:emoji2:1.0.0] AndroidManifest.xml:27:13-67
186            android:authorities="TenaSensor.Android.androidx-startup"
186-->[androidx.emoji2:emoji2:1.0.0] AndroidManifest.xml:28:13-68
187            android:exported="false" >
187-->[androidx.emoji2:emoji2:1.0.0] AndroidManifest.xml:29:13-37
188            <meta-data
188-->[androidx.emoji2:emoji2:1.0.0] AndroidManifest.xml:31:13-33:52
189                android:name="androidx.emoji2.text.EmojiCompatInitializer"
189-->[androidx.emoji2:emoji2:1.0.0] AndroidManifest.xml:32:17-75
190                android:value="androidx.startup" />
190-->[androidx.emoji2:emoji2:1.0.0] AndroidManifest.xml:33:17-49
191            <meta-data
191-->[androidx.lifecycle:lifecycle-process:2.4.0] AndroidManifest.xml:31:13-33:52
192                android:name="androidx.lifecycle.ProcessLifecycleInitializer"
192-->[androidx.lifecycle:lifecycle-process:2.4.0] AndroidManifest.xml:32:17-78
193                android:value="androidx.startup" />
193-->[androidx.lifecycle:lifecycle-process:2.4.0] AndroidManifest.xml:33:17-49
194        </provider>
195    </application>
196
197</manifest>